<?xml version="1.0" encoding="UTF-8"?>
<!-- Generated by org.testng.reporters.JUnitReportReporter -->
<testsuite hostname="TA21131" failures="0" tests="2" name="testngsample.testsuite" time="13.613" errors="0" timestamp="2024-02-15T18:47:42 IST" skipped="0">
  <testcase classname="testngsample.testsuite" name="openchrome" time="6.297"/>
  <testcase classname="testngsample.testsuite" name="openyahoo" time="7.316"/>
</testsuite> <!-- testngsample.testsuite -->
