<?xml version="1.0" encoding="UTF-8"?>
<!-- Generated by org.testng.reporters.JUnitReportReporter -->
<testsuite hostname="TA21131" failures="0" tests="1" name="testngsample.Grouping" time="33.073" errors="0" timestamp="2024-02-16T12:39:06 IST" skipped="0">
  <testcase classname="testngsample.Grouping" name="testcase1" time="33.073"/>
</testsuite> <!-- testngsample.Grouping -->
