<?xml version="1.0" encoding="UTF-8"?>
<!-- Generated by org.testng.reporters.JUnitReportReporter -->
<testsuite hostname="TA21131" failures="0" tests="3" name="testngsample.Dependencies" time="0.016" errors="0" timestamp="2024-02-20T10:40:32 IST" skipped="0">
  <testcase classname="testngsample.Dependencies" name="secondtestcase" time="0.004"/>
  <testcase classname="testngsample.Dependencies" name="thirdtestcase" time="0.010"/>
  <testcase classname="testngsample.Dependencies" name="firstestcase" time="0.002"/>
</testsuite> <!-- testngsample.Dependencies -->
