<?xml version="1.0" encoding="UTF-8"?>
<!-- Generated by org.testng.reporters.JUnitReportReporter -->
<testsuite hostname="TA21131" failures="0" tests="3" name="testngsample.Setpriority" time="0.005" errors="0" timestamp="2024-02-16T12:10:00 IST" skipped="0">
  <testcase classname="testngsample.Setpriority" name="secondtestcase" time="0.001"/>
  <testcase classname="testngsample.Setpriority" name="firststcase" time="0.003"/>
  <testcase classname="testngsample.Setpriority" name="thirdtestcase" time="0.001"/>
</testsuite> <!-- testngsample.Setpriority -->
