<?xml version="1.0" encoding="UTF-8"?>
<!-- Generated by org.testng.reporters.JUnitReportReporter -->
<testsuite hostname="TA21131" failures="0" tests="3" name="testng.skiptestcase" time="0.011" errors="0" timestamp="2024-02-15T11:58:35 IST" skipped="1">
  <testcase classname="testng.skiptestcase" name="secondtestcase" time="0.010"/>
  <system-out/>
  <testcase classname="testng.skiptestcase" name="thirdtestcase" time="0.001"/>
  <system-out/>
  <testcase classname="testng.skiptestcase" name="firststcase">
    <skipped/>
  </testcase> <!-- firststcase -->
  <system-out/>
</testsuite> <!-- testng.skiptestcase -->
