<?xml version="1.0" encoding="UTF-8"?>
<!-- Generated by org.testng.reporters.JUnitReportReporter -->
<testsuite hostname="TA21131" failures="0" tests="3" name="testng.Setpriority" time="0.016" errors="0" timestamp="2024-02-15T11:55:05 IST" skipped="0">
  <testcase classname="testng.Setpriority" name="secondtestcase" time="0.010"/>
  <system-out/>
  <testcase classname="testng.Setpriority" name="firststcase" time="0.001"/>
  <system-out/>
  <testcase classname="testng.Setpriority" name="thirdtestcase" time="0.005"/>
  <system-out/>
</testsuite> <!-- testng.Setpriority -->
